# JRE version: Java(TM) SE Runtime Environment (8.0_11-b12) (build 1.8.0_11-b12)
# Java VM: Java HotSpot(TM) 64-Bit Server VM (25.11-b03 mixed mode windows-amd64 compressed oops)
Heap:
 PSYoungGen      total 224768K, used 122628K [0x00000000eab00000, 0x00000000fef00000, 0x0000000100000000)
  eden space 123904K, 98% used [0x00000000eab00000,0x00000000f22c1328,0x00000000f2400000)
  from space 100864K, 0% used [0x00000000f8c80000,0x00000000f8c80000,0x00000000fef00000)
  to   space 103936K, 0% used [0x00000000f2400000,0x00000000f2400000,0x00000000f8980000)
 ParOldGen       total 311808K, used 260999K [0x00000000c0000000, 0x00000000d3080000, 0x00000000eab00000)
  object space 311808K, 83% used [0x00000000c0000000,0x00000000cfee1ff0,0x00000000d3080000)
 Metaspace       used 172625K, capacity 187331K, committed 188928K, reserved 1208320K
  class space    used 24660K, capacity 29824K, committed 30464K, reserved 1048576K
GC Heap History (10 events):
Event: 2960.582 GC heap before
{Heap before GC invocations=84 (full 18):
 PSYoungGen      total 177152K, used 176746K [0x00000000eab00000, 0x00000000ffd00000, 0x0000000100000000)
  eden space 116736K, 100% used [0x00000000eab00000,0x00000000f1d00000,0x00000000f1d00000)
  from space 60416K, 99% used [0x00000000f1d00000,0x00000000f579abf8,0x00000000f5800000)
  to   space 114688K, 0% used [0x00000000f8d00000,0x00000000f8d00000,0x00000000ffd00000)
 ParOldGen       total 261120K, used 242161K [0x00000000c0000000, 0x00000000cff00000, 0x00000000eab00000)
  object space 261120K, 92% used [0x00000000c0000000,0x00000000cec7c688,0x00000000cff00000)
 Metaspace       used 166851K, capacity 182228K, committed 182400K, reserved 1202176K
  class space    used 24274K, capacity 29710K, committed 29824K, reserved 1048576K
Event: 2960.641 GC heap after
Heap after GC invocations=84 (full 18):
 PSYoungGen      total 235520K, used 69362K [0x00000000eab00000, 0x00000000ffd00000, 0x0000000100000000)
  eden space 120832K, 0% used [0x00000000eab00000,0x00000000eab00000,0x00000000f2100000)
  from space 114688K, 60% used [0x00000000f8d00000,0x00000000fd0bc808,0x00000000ffd00000)
  to   space 110592K, 0% used [0x00000000f2100000,0x00000000f2100000,0x00000000f8d00000)
 ParOldGen       total 261120K, used 242169K [0x00000000c0000000, 0x00000000cff00000, 0x00000000eab00000)
  object space 261120K, 92% used [0x00000000c0000000,0x00000000cec7e688,0x00000000cff00000)
 Metaspace       used 166851K, capacity 182228K, committed 182400K, reserved 1202176K
  class space    used 24274K, capacity 29710K, committed 29824K, reserved 1048576K
}
Event: 2964.910 GC heap before
{Heap before GC invocations=85 (full 18):
 PSYoungGen      total 235520K, used 189794K [0x00000000eab00000, 0x00000000ffd00000, 0x0000000100000000)
  eden space 120832K, 99% used [0x00000000eab00000,0x00000000f209c1c0,0x00000000f2100000)
  from space 114688K, 60% used [0x00000000f8d00000,0x00000000fd0bc808,0x00000000ffd00000)
  to   space 110592K, 0% used [0x00000000f2100000,0x00000000f2100000,0x00000000f8d00000)
 ParOldGen       total 261120K, used 242169K [0x00000000c0000000, 0x00000000cff00000, 0x00000000eab00000)
  object space 261120K, 92% used [0x00000000c0000000,0x00000000cec7e688,0x00000000cff00000)
 Metaspace       used 166868K, capacity 182234K, committed 182400K, reserved 1202176K
  class space    used 24275K, capacity 29712K, committed 29824K, reserved 1048576K
Event: 2964.963 GC heap after
Heap after GC invocations=85 (full 18):
 PSYoungGen      total 189952K, used 68815K [0x00000000eab00000, 0x00000000ff500000, 0x0000000100000000)
  eden space 120832K, 0% used [0x00000000eab00000,0x00000000eab00000,0x00000000f2100000)
  from space 69120K, 99% used [0x00000000f2100000,0x00000000f6433fb8,0x00000000f6480000)
  to   space 107008K, 0% used [0x00000000f8c80000,0x00000000f8c80000,0x00000000ff500000)
 ParOldGen       total 261120K, used 242169K [0x00000000c0000000, 0x00000000cff00000, 0x00000000eab00000)
  object space 261120K, 92% used [0x00000000c0000000,0x00000000cec7e688,0x00000000cff00000)
 Metaspace       used 166868K, capacity 182234K, committed 182400K, reserved 1202176K
  class space    used 24275K, capacity 29712K, committed 29824K, reserved 1048576K
}
Event: 2965.618 GC heap before
{Heap before GC invocations=86 (full 18):
 PSYoungGen      total 189952K, used 106339K [0x00000000eab00000, 0x00000000ff500000, 0x0000000100000000)
  eden space 120832K, 31% used [0x00000000eab00000,0x00000000ecfa4fd8,0x00000000f2100000)
  from space 69120K, 99% used [0x00000000f2100000,0x00000000f6433fb8,0x00000000f6480000)
  to   space 107008K, 0% used [0x00000000f8c80000,0x00000000f8c80000,0x00000000ff500000)
 ParOldGen       total 261120K, used 242169K [0x00000000c0000000, 0x00000000cff00000, 0x00000000eab00000)
  object space 261120K, 92% used [0x00000000c0000000,0x00000000cec7e688,0x00000000cff00000)
 Metaspace       used 167912K, capacity 183498K, committed 183680K, reserved 1202176K
  class space    used 24466K, capacity 29969K, committed 30080K, reserved 1048576K
Event: 2965.680 GC heap after
Heap after GC invocations=86 (full 18):
 PSYoungGen      total 224768K, used 62701K [0x00000000eab00000, 0x00000000fef00000, 0x0000000100000000)
  eden space 123904K, 0% used [0x00000000eab00000,0x00000000eab00000,0x00000000f2400000)
  from space 100864K, 62% used [0x00000000f8c80000,0x00000000fc9bb5f0,0x00000000fef00000)
  to   space 103936K, 0% used [0x00000000f2400000,0x00000000f2400000,0x00000000f8980000)
 ParOldGen       total 261120K, used 242177K [0x00000000c0000000, 0x00000000cff00000, 0x00000000eab00000)
  object space 261120K, 92% used [0x00000000c0000000,0x00000000cec80688,0x00000000cff00000)
 Metaspace       used 167912K, capacity 183498K, committed 183680K, reserved 1202176K
  class space    used 24466K, capacity 29969K, committed 30080K, reserved 1048576K
}
Event: 2965.680 GC heap before
{Heap before GC invocations=87 (full 19):
 PSYoungGen      total 224768K, used 62701K [0x00000000eab00000, 0x00000000fef00000, 0x0000000100000000)
  eden space 123904K, 0% used [0x00000000eab00000,0x00000000eab00000,0x00000000f2400000)
  from space 100864K, 62% used [0x00000000f8c80000,0x00000000fc9bb5f0,0x00000000fef00000)
  to   space 103936K, 0% used [0x00000000f2400000,0x00000000f2400000,0x00000000f8980000)
 ParOldGen       total 261120K, used 242177K [0x00000000c0000000, 0x00000000cff00000, 0x00000000eab00000)
  object space 261120K, 92% used [0x00000000c0000000,0x00000000cec80688,0x00000000cff00000)
 Metaspace       used 167912K, capacity 183498K, committed 183680K, reserved 1202176K
  class space    used 24466K, capacity 29969K, committed 30080K, reserved 1048576K
Event: 2966.429 GC heap after
Heap after GC invocations=87 (full 19):
 PSYoungGen      total 224768K, used 0K [0x00000000eab00000, 0x00000000fef00000, 0x0000000100000000)
  eden space 123904K, 0% used [0x00000000eab00000,0x00000000eab00000,0x00000000f2400000)
  from space 100864K, 0% used [0x00000000f8c80000,0x00000000f8c80000,0x00000000fef00000)
  to   space 103936K, 0% used [0x00000000f2400000,0x00000000f2400000,0x00000000f8980000)
 ParOldGen       total 261120K, used 249669K [0x00000000c0000000, 0x00000000cff00000, 0x00000000eab00000)
  object space 261120K, 95% used [0x00000000c0000000,0x00000000cf3d1618,0x00000000cff00000)
 Metaspace       used 165867K, capacity 179352K, committed 183680K, reserved 1202176K
  class space    used 23596K, capacity 28391K, committed 30080K, reserved 1048576K
}
Event: 2971.190 GC heap before
{Heap before GC invocations=88 (full 20):
 PSYoungGen      total 224768K, used 123904K [0x00000000eab00000, 0x00000000fef00000, 0x0000000100000000)
  eden space 123904K, 100% used [0x00000000eab00000,0x00000000f2400000,0x00000000f2400000)
  from space 100864K, 0% used [0x00000000f8c80000,0x00000000f8c80000,0x00000000fef00000)
  to   space 103936K, 0% used [0x00000000f2400000,0x00000000f2400000,0x00000000f8980000)
 ParOldGen       total 261120K, used 249669K [0x00000000c0000000, 0x00000000cff00000, 0x00000000eab00000)
  object space 261120K, 95% used [0x00000000c0000000,0x00000000cf3d1618,0x00000000cff00000)
 Metaspace       used 169646K, capacity 184168K, committed 185984K, reserved 1206272K
  class space    used 24134K, capacity 29224K, committed 30080K, reserved 1048576K
Event: 2971.812 GC heap after
Heap after GC invocations=88 (full 20):
 PSYoungGen      total 224768K, used 0K [0x00000000eab00000, 0x00000000fef00000, 0x0000000100000000)
  eden space 123904K, 0% used [0x00000000eab00000,0x00000000eab00000,0x00000000f2400000)
  from space 100864K, 0% used [0x00000000f8c80000,0x00000000f8c80000,0x00000000fef00000)
  to   space 103936K, 0% used [0x00000000f2400000,0x00000000f2400000,0x00000000f8980000)
 ParOldGen       total 311808K, used 260999K [0x00000000c0000000, 0x00000000d3080000, 0x00000000eab00000)
  object space 311808K, 83% used [0x00000000c0000000,0x00000000cfee1ff0,0x00000000d3080000)
 Metaspace       used 169646K, capacity 184168K, committed 185984K, reserved 1206272K
  class space    used 24134K, capacity 29224K, committed 30080K, reserved 1048576K
}

