# JRE version: Java(TM) SE Runtime Environment (8.0_11-b12) (build 1.8.0_11-b12)
# Java VM: Java HotSpot(TM) 64-Bit Server VM (25.11-b03 mixed mode windows-amd64 compressed oops)
Heap:
 PSYoungGen      total 81408K, used 27889K [0x00000000eab00000, 0x00000000f0880000, 0x0000000100000000)
  eden space 67072K, 29% used [0x00000000eab00000,0x00000000ebe76498,0x00000000eec80000)
  from space 14336K, 55% used [0x00000000efa80000,0x00000000f0246078,0x00000000f0880000)
  to   space 14336K, 0% used [0x00000000eec80000,0x00000000eec80000,0x00000000efa80000)
 ParOldGen       total 129536K, used 49231K [0x00000000c0000000, 0x00000000c7e80000, 0x00000000eab00000)
  object space 129536K, 38% used [0x00000000c0000000,0x00000000c3013e38,0x00000000c7e80000)
 Metaspace       used 6085K, capacity 7376K, committed 7680K, reserved 1056768K
  class space    used 594K, capacity 648K, committed 768K, reserved 1048576K
GC Heap History (10 events):
Event: 5.995 GC heap before
{Heap before GC invocations=16 (full 0):
 PSYoungGen      total 38912K, used 38880K [0x00000000eab00000, 0x00000000eef00000, 0x0000000100000000)
  eden space 34304K, 100% used [0x00000000eab00000,0x00000000ecc80000,0x00000000ecc80000)
  from space 4608K, 99% used [0x00000000ecc80000,0x00000000ed0f8010,0x00000000ed100000)
  to   space 7168K, 0% used [0x00000000ee800000,0x00000000ee800000,0x00000000eef00000)
 ParOldGen       total 129536K, used 16818K [0x00000000c0000000, 0x00000000c7e80000, 0x00000000eab00000)
  object space 129536K, 12% used [0x00000000c0000000,0x00000000c106c9b8,0x00000000c7e80000)
 Metaspace       used 5604K, capacity 6960K, committed 7040K, reserved 1056768K
  class space    used 571K, capacity 616K, committed 640K, reserved 1048576K
Event: 6.034 GC heap after
Heap after GC invocations=16 (full 0):
 PSYoungGen      total 61952K, used 6013K [0x00000000eab00000, 0x00000000ef000000, 0x0000000100000000)
  eden space 54784K, 0% used [0x00000000eab00000,0x00000000eab00000,0x00000000ee080000)
  from space 7168K, 83% used [0x00000000ee800000,0x00000000eeddf678,0x00000000eef00000)
  to   space 7680K, 0% used [0x00000000ee080000,0x00000000ee080000,0x00000000ee800000)
 ParOldGen       total 129536K, used 21410K [0x00000000c0000000, 0x00000000c7e80000, 0x00000000eab00000)
  object space 129536K, 16% used [0x00000000c0000000,0x00000000c14e8888,0x00000000c7e80000)
 Metaspace       used 5604K, capacity 6960K, committed 7040K, reserved 1056768K
  class space    used 571K, capacity 616K, committed 640K, reserved 1048576K
}
Event: 6.363 GC heap before
{Heap before GC invocations=17 (full 0):
 PSYoungGen      total 61952K, used 60797K [0x00000000eab00000, 0x00000000ef000000, 0x0000000100000000)
  eden space 54784K, 100% used [0x00000000eab00000,0x00000000ee080000,0x00000000ee080000)
  from space 7168K, 83% used [0x00000000ee800000,0x00000000eeddf678,0x00000000eef00000)
  to   space 7680K, 0% used [0x00000000ee080000,0x00000000ee080000,0x00000000ee800000)
 ParOldGen       total 129536K, used 21410K [0x00000000c0000000, 0x00000000c7e80000, 0x00000000eab00000)
  object space 129536K, 16% used [0x00000000c0000000,0x00000000c14e8888,0x00000000c7e80000)
 Metaspace       used 5641K, capacity 6960K, committed 7040K, reserved 1056768K
  class space    used 571K, capacity 616K, committed 640K, reserved 1048576K
Event: 6.394 GC heap after
Heap after GC invocations=17 (full 0):
 PSYoungGen      total 62464K, used 7665K [0x00000000eab00000, 0x00000000ef000000, 0x0000000100000000)
  eden space 54784K, 0% used [0x00000000eab00000,0x00000000eab00000,0x00000000ee080000)
  from space 7680K, 99% used [0x00000000ee080000,0x00000000ee7fc6f0,0x00000000ee800000)
  to   space 7168K, 0% used [0x00000000ee800000,0x00000000ee800000,0x00000000eef00000)
 ParOldGen       total 129536K, used 27282K [0x00000000c0000000, 0x00000000c7e80000, 0x00000000eab00000)
  object space 129536K, 21% used [0x00000000c0000000,0x00000000c1aa4b70,0x00000000c7e80000)
 Metaspace       used 5641K, capacity 6960K, committed 7040K, reserved 1056768K
  class space    used 571K, capacity 616K, committed 640K, reserved 1048576K
}
Event: 6.692 GC heap before
{Heap before GC invocations=18 (full 0):
 PSYoungGen      total 62464K, used 62449K [0x00000000eab00000, 0x00000000ef000000, 0x0000000100000000)
  eden space 54784K, 100% used [0x00000000eab00000,0x00000000ee080000,0x00000000ee080000)
  from space 7680K, 99% used [0x00000000ee080000,0x00000000ee7fc6f0,0x00000000ee800000)
  to   space 7168K, 0% used [0x00000000ee800000,0x00000000ee800000,0x00000000eef00000)
 ParOldGen       total 129536K, used 27282K [0x00000000c0000000, 0x00000000c7e80000, 0x00000000eab00000)
  object space 129536K, 21% used [0x00000000c0000000,0x00000000c1aa4b70,0x00000000c7e80000)
 Metaspace       used 5659K, capacity 6960K, committed 7040K, reserved 1056768K
  class space    used 571K, capacity 616K, committed 640K, reserved 1048576K
Event: 6.755 GC heap after
Heap after GC invocations=18 (full 0):
 PSYoungGen      total 54784K, used 7153K [0x00000000eab00000, 0x00000000f1300000, 0x0000000100000000)
  eden space 47616K, 0% used [0x00000000eab00000,0x00000000eab00000,0x00000000ed980000)
  from space 7168K, 99% used [0x00000000ee800000,0x00000000eeefc570,0x00000000eef00000)
  to   space 14848K, 0% used [0x00000000ed980000,0x00000000ed980000,0x00000000ee800000)
 ParOldGen       total 129536K, used 35942K [0x00000000c0000000, 0x00000000c7e80000, 0x00000000eab00000)
  object space 129536K, 27% used [0x00000000c0000000,0x00000000c2319940,0x00000000c7e80000)
 Metaspace       used 5659K, capacity 6960K, committed 7040K, reserved 1056768K
  class space    used 571K, capacity 616K, committed 640K, reserved 1048576K
}
Event: 7.059 GC heap before
{Heap before GC invocations=19 (full 0):
 PSYoungGen      total 54784K, used 54769K [0x00000000eab00000, 0x00000000f1300000, 0x0000000100000000)
  eden space 47616K, 100% used [0x00000000eab00000,0x00000000ed980000,0x00000000ed980000)
  from space 7168K, 99% used [0x00000000ee800000,0x00000000eeefc570,0x00000000eef00000)
  to   space 14848K, 0% used [0x00000000ed980000,0x00000000ed980000,0x00000000ee800000)
 ParOldGen       total 129536K, used 35942K [0x00000000c0000000, 0x00000000c7e80000, 0x00000000eab00000)
  object space 129536K, 27% used [0x00000000c0000000,0x00000000c2319940,0x00000000c7e80000)
 Metaspace       used 5659K, capacity 6960K, committed 7040K, reserved 1056768K
  class space    used 571K, capacity 616K, committed 640K, reserved 1048576K
Event: 7.093 GC heap after
Heap after GC invocations=19 (full 0):
 PSYoungGen      total 62464K, used 6545K [0x00000000eab00000, 0x00000000f0880000, 0x0000000100000000)
  eden space 47616K, 0% used [0x00000000eab00000,0x00000000eab00000,0x00000000ed980000)
  from space 14848K, 44% used [0x00000000ed980000,0x00000000edfe46e8,0x00000000ee800000)
  to   space 14336K, 0% used [0x00000000efa80000,0x00000000efa80000,0x00000000f0880000)
 ParOldGen       total 129536K, used 42913K [0x00000000c0000000, 0x00000000c7e80000, 0x00000000eab00000)
  object space 129536K, 33% used [0x00000000c0000000,0x00000000c29e8778,0x00000000c7e80000)
 Metaspace       used 5659K, capacity 6960K, committed 7040K, reserved 1056768K
  class space    used 571K, capacity 616K, committed 640K, reserved 1048576K
}
Event: 7.678 GC heap before
{Heap before GC invocations=20 (full 0):
 PSYoungGen      total 62464K, used 54161K [0x00000000eab00000, 0x00000000f0880000, 0x0000000100000000)
  eden space 47616K, 100% used [0x00000000eab00000,0x00000000ed980000,0x00000000ed980000)
  from space 14848K, 44% used [0x00000000ed980000,0x00000000edfe46e8,0x00000000ee800000)
  to   space 14336K, 0% used [0x00000000efa80000,0x00000000efa80000,0x00000000f0880000)
 ParOldGen       total 129536K, used 42913K [0x00000000c0000000, 0x00000000c7e80000, 0x00000000eab00000)
  object space 129536K, 33% used [0x00000000c0000000,0x00000000c29e8778,0x00000000c7e80000)
 Metaspace       used 5875K, capacity 7152K, committed 7296K, reserved 1056768K
  class space    used 589K, capacity 616K, committed 640K, reserved 1048576K
Event: 7.699 GC heap after
Heap after GC invocations=20 (full 0):
 PSYoungGen      total 81408K, used 7960K [0x00000000eab00000, 0x00000000f0880000, 0x0000000100000000)
  eden space 67072K, 0% used [0x00000000eab00000,0x00000000eab00000,0x00000000eec80000)
  from space 14336K, 55% used [0x00000000efa80000,0x00000000f0246078,0x00000000f0880000)
  to   space 14336K, 0% used [0x00000000eec80000,0x00000000eec80000,0x00000000efa80000)
 ParOldGen       total 129536K, used 49231K [0x00000000c0000000, 0x00000000c7e80000, 0x00000000eab00000)
  object space 129536K, 38% used [0x00000000c0000000,0x00000000c3013e38,0x00000000c7e80000)
 Metaspace       used 5875K, capacity 7152K, committed 7296K, reserved 1056768K
  class space    used 589K, capacity 616K, committed 640K, reserved 1048576K
}

